<?xml version="1.0" encoding="UTF-8"?>
<testsuite xmlns:xsi="http://www.w3.org/2001/XMLSchema-instance" xsi:noNamespaceSchemaLocation="https://maven.apache.org/surefire/maven-surefire-plugin/xsd/surefire-test-report.xsd" name="TestSuite" time="0.631" tests="2" errors="0" skipped="0" failures="0">
  <properties>
    <property name="sun.desktop" value="gnome"/>
    <property name="awt.toolkit" value="sun.awt.X11.XToolkit"/>
    <property name="java.specification.version" value="11"/>
    <property name="sun.cpu.isalist" value=""/>
    <property name="sun.jnu.encoding" value="UTF-8"/>
    <property name="java.class.path" value="/home/aloisio/workspaces/ApacheMaven/mb2g-testing-aev/target/test-classes:/home/aloisio/workspaces/ApacheMaven/mb2g-testing-aev/target/classes:/home/aloisio/.m2/repository/junit/junit/4.13/junit-4.13.jar:/home/aloisio/.m2/repository/org/hamcrest/hamcrest-core/1.3/hamcrest-core-1.3.jar:/home/aloisio/.m2/repository/org/junit/jupiter/junit-jupiter-api/5.6.0/junit-jupiter-api-5.6.0.jar:/home/aloisio/.m2/repository/org/apiguardian/apiguardian-api/1.1.0/apiguardian-api-1.1.0.jar:/home/aloisio/.m2/repository/org/opentest4j/opentest4j/1.2.0/opentest4j-1.2.0.jar:/home/aloisio/.m2/repository/org/junit/platform/junit-platform-commons/1.6.0/junit-platform-commons-1.6.0.jar:/home/aloisio/.m2/repository/org/junit/jupiter/junit-jupiter-engine/5.6.0/junit-jupiter-engine-5.6.0.jar:/home/aloisio/.m2/repository/org/junit/platform/junit-platform-engine/1.6.0/junit-platform-engine-1.6.0.jar:/home/aloisio/.m2/repository/org/junit/vintage/junit-vintage-engine/5.6.0/junit-vintage-engine-5.6.0.jar:/home/aloisio/.m2/repository/org/codehaus/groovy/groovy/2.5.9/groovy-2.5.9.jar:/home/aloisio/.m2/repository/org/codehaus/groovy/groovy-ant/2.5.9/groovy-ant-2.5.9.jar:/home/aloisio/.m2/repository/org/apache/ant/ant/1.9.13/ant-1.9.13.jar:/home/aloisio/.m2/repository/org/apache/ant/ant-junit/1.9.13/ant-junit-1.9.13.jar:/home/aloisio/.m2/repository/org/apache/ant/ant-launcher/1.9.13/ant-launcher-1.9.13.jar:/home/aloisio/.m2/repository/org/apache/ant/ant-antlr/1.9.13/ant-antlr-1.9.13.jar:/home/aloisio/.m2/repository/org/codehaus/groovy/groovy-cli-commons/2.5.9/groovy-cli-commons-2.5.9.jar:/home/aloisio/.m2/repository/commons-cli/commons-cli/1.4/commons-cli-1.4.jar:/home/aloisio/.m2/repository/org/codehaus/groovy/groovy-cli-picocli/2.5.9/groovy-cli-picocli-2.5.9.jar:/home/aloisio/.m2/repository/info/picocli/picocli/4.0.1/picocli-4.0.1.jar:/home/aloisio/.m2/repository/org/codehaus/groovy/groovy-console/2.5.9/groovy-console-2.5.9.jar:/home/aloisio/.m2/repository/org/codehaus/groovy/groovy-datetime/2.5.9/groovy-datetime-2.5.9.jar:/home/aloisio/.m2/repository/org/codehaus/groovy/groovy-docgenerator/2.5.9/groovy-docgenerator-2.5.9.jar:/home/aloisio/.m2/repository/com/thoughtworks/qdox/qdox/1.12.1/qdox-1.12.1.jar:/home/aloisio/.m2/repository/org/codehaus/groovy/groovy-groovydoc/2.5.9/groovy-groovydoc-2.5.9.jar:/home/aloisio/.m2/repository/org/codehaus/groovy/groovy-groovysh/2.5.9/groovy-groovysh-2.5.9.jar:/home/aloisio/.m2/repository/jline/jline/2.14.6/jline-2.14.6.jar:/home/aloisio/.m2/repository/org/codehaus/groovy/groovy-jmx/2.5.9/groovy-jmx-2.5.9.jar:/home/aloisio/.m2/repository/org/codehaus/groovy/groovy-json/2.5.9/groovy-json-2.5.9.jar:/home/aloisio/.m2/repository/org/codehaus/groovy/groovy-jsr223/2.5.9/groovy-jsr223-2.5.9.jar:/home/aloisio/.m2/repository/org/codehaus/groovy/groovy-macro/2.5.9/groovy-macro-2.5.9.jar:/home/aloisio/.m2/repository/org/codehaus/groovy/groovy-nio/2.5.9/groovy-nio-2.5.9.jar:/home/aloisio/.m2/repository/org/codehaus/groovy/groovy-servlet/2.5.9/groovy-servlet-2.5.9.jar:/home/aloisio/.m2/repository/org/codehaus/groovy/groovy-sql/2.5.9/groovy-sql-2.5.9.jar:/home/aloisio/.m2/repository/org/codehaus/groovy/groovy-swing/2.5.9/groovy-swing-2.5.9.jar:/home/aloisio/.m2/repository/org/codehaus/groovy/groovy-templates/2.5.9/groovy-templates-2.5.9.jar:/home/aloisio/.m2/repository/org/codehaus/groovy/groovy-test/2.5.9/groovy-test-2.5.9.jar:/home/aloisio/.m2/repository/org/codehaus/groovy/groovy-test-junit5/2.5.9/groovy-test-junit5-2.5.9.jar:/home/aloisio/.m2/repository/org/junit/platform/junit-platform-launcher/1.4.0/junit-platform-launcher-1.4.0.jar:/home/aloisio/.m2/repository/org/codehaus/groovy/groovy-testng/2.5.9/groovy-testng-2.5.9.jar:/home/aloisio/.m2/repository/org/testng/testng/6.13.1/testng-6.13.1.jar:/home/aloisio/.m2/repository/com/beust/jcommander/1.72/jcommander-1.72.jar:/home/aloisio/.m2/repository/org/codehaus/groovy/groovy-xml/2.5.9/groovy-xml-2.5.9.jar:/home/aloisio/.m2/repository/org/spockframework/spock-core/1.2-groovy-2.5/spock-core-1.2-groovy-2.5.jar:/home/aloisio/.m2/repository/org/apache/maven/surefire/surefire-testng-utils/2.22.0/surefire-testng-utils-2.22.0.jar:/home/aloisio/.m2/repository/org/apache/maven/surefire/surefire-grouper/2.22.0/surefire-grouper-2.22.0.jar:"/>
    <property name="java.vm.vendor" value="Ubuntu"/>
    <property name="sun.arch.data.model" value="64"/>
    <property name="java.vendor.url" value="https://ubuntu.com/"/>
    <property name="user.timezone" value=""/>
    <property name="user.country.format" value="BR"/>
    <property name="java.vm.specification.version" value="11"/>
    <property name="os.name" value="Linux"/>
    <property name="sun.java.launcher" value="SUN_STANDARD"/>
    <property name="user.country" value="US"/>
    <property name="sun.boot.library.path" value="/usr/lib/jvm/java-11-openjdk-amd64/lib"/>
    <property name="sun.java.command" value="/home/aloisio/workspaces/ApacheMaven/mb2g-testing-aev/target/surefire/surefirebooter13905742477510882406.jar /home/aloisio/workspaces/ApacheMaven/mb2g-testing-aev/target/surefire 2020-03-01T19-52-42_050-jvmRun1 surefire10074420156143829828tmp surefire_09776465996124796151tmp"/>
    <property name="jdk.debug" value="release"/>
    <property name="surefire.test.class.path" value="/home/aloisio/workspaces/ApacheMaven/mb2g-testing-aev/target/test-classes:/home/aloisio/workspaces/ApacheMaven/mb2g-testing-aev/target/classes:/home/aloisio/.m2/repository/junit/junit/4.13/junit-4.13.jar:/home/aloisio/.m2/repository/org/hamcrest/hamcrest-core/1.3/hamcrest-core-1.3.jar:/home/aloisio/.m2/repository/org/junit/jupiter/junit-jupiter-api/5.6.0/junit-jupiter-api-5.6.0.jar:/home/aloisio/.m2/repository/org/apiguardian/apiguardian-api/1.1.0/apiguardian-api-1.1.0.jar:/home/aloisio/.m2/repository/org/opentest4j/opentest4j/1.2.0/opentest4j-1.2.0.jar:/home/aloisio/.m2/repository/org/junit/platform/junit-platform-commons/1.6.0/junit-platform-commons-1.6.0.jar:/home/aloisio/.m2/repository/org/junit/jupiter/junit-jupiter-engine/5.6.0/junit-jupiter-engine-5.6.0.jar:/home/aloisio/.m2/repository/org/junit/platform/junit-platform-engine/1.6.0/junit-platform-engine-1.6.0.jar:/home/aloisio/.m2/repository/org/junit/vintage/junit-vintage-engine/5.6.0/junit-vintage-engine-5.6.0.jar:/home/aloisio/.m2/repository/org/codehaus/groovy/groovy/2.5.9/groovy-2.5.9.jar:/home/aloisio/.m2/repository/org/codehaus/groovy/groovy-ant/2.5.9/groovy-ant-2.5.9.jar:/home/aloisio/.m2/repository/org/apache/ant/ant/1.9.13/ant-1.9.13.jar:/home/aloisio/.m2/repository/org/apache/ant/ant-junit/1.9.13/ant-junit-1.9.13.jar:/home/aloisio/.m2/repository/org/apache/ant/ant-launcher/1.9.13/ant-launcher-1.9.13.jar:/home/aloisio/.m2/repository/org/apache/ant/ant-antlr/1.9.13/ant-antlr-1.9.13.jar:/home/aloisio/.m2/repository/org/codehaus/groovy/groovy-cli-commons/2.5.9/groovy-cli-commons-2.5.9.jar:/home/aloisio/.m2/repository/commons-cli/commons-cli/1.4/commons-cli-1.4.jar:/home/aloisio/.m2/repository/org/codehaus/groovy/groovy-cli-picocli/2.5.9/groovy-cli-picocli-2.5.9.jar:/home/aloisio/.m2/repository/info/picocli/picocli/4.0.1/picocli-4.0.1.jar:/home/aloisio/.m2/repository/org/codehaus/groovy/groovy-console/2.5.9/groovy-console-2.5.9.jar:/home/aloisio/.m2/repository/org/codehaus/groovy/groovy-datetime/2.5.9/groovy-datetime-2.5.9.jar:/home/aloisio/.m2/repository/org/codehaus/groovy/groovy-docgenerator/2.5.9/groovy-docgenerator-2.5.9.jar:/home/aloisio/.m2/repository/com/thoughtworks/qdox/qdox/1.12.1/qdox-1.12.1.jar:/home/aloisio/.m2/repository/org/codehaus/groovy/groovy-groovydoc/2.5.9/groovy-groovydoc-2.5.9.jar:/home/aloisio/.m2/repository/org/codehaus/groovy/groovy-groovysh/2.5.9/groovy-groovysh-2.5.9.jar:/home/aloisio/.m2/repository/jline/jline/2.14.6/jline-2.14.6.jar:/home/aloisio/.m2/repository/org/codehaus/groovy/groovy-jmx/2.5.9/groovy-jmx-2.5.9.jar:/home/aloisio/.m2/repository/org/codehaus/groovy/groovy-json/2.5.9/groovy-json-2.5.9.jar:/home/aloisio/.m2/repository/org/codehaus/groovy/groovy-jsr223/2.5.9/groovy-jsr223-2.5.9.jar:/home/aloisio/.m2/repository/org/codehaus/groovy/groovy-macro/2.5.9/groovy-macro-2.5.9.jar:/home/aloisio/.m2/repository/org/codehaus/groovy/groovy-nio/2.5.9/groovy-nio-2.5.9.jar:/home/aloisio/.m2/repository/org/codehaus/groovy/groovy-servlet/2.5.9/groovy-servlet-2.5.9.jar:/home/aloisio/.m2/repository/org/codehaus/groovy/groovy-sql/2.5.9/groovy-sql-2.5.9.jar:/home/aloisio/.m2/repository/org/codehaus/groovy/groovy-swing/2.5.9/groovy-swing-2.5.9.jar:/home/aloisio/.m2/repository/org/codehaus/groovy/groovy-templates/2.5.9/groovy-templates-2.5.9.jar:/home/aloisio/.m2/repository/org/codehaus/groovy/groovy-test/2.5.9/groovy-test-2.5.9.jar:/home/aloisio/.m2/repository/org/codehaus/groovy/groovy-test-junit5/2.5.9/groovy-test-junit5-2.5.9.jar:/home/aloisio/.m2/repository/org/junit/platform/junit-platform-launcher/1.4.0/junit-platform-launcher-1.4.0.jar:/home/aloisio/.m2/repository/org/codehaus/groovy/groovy-testng/2.5.9/groovy-testng-2.5.9.jar:/home/aloisio/.m2/repository/org/testng/testng/6.13.1/testng-6.13.1.jar:/home/aloisio/.m2/repository/com/beust/jcommander/1.72/jcommander-1.72.jar:/home/aloisio/.m2/repository/org/codehaus/groovy/groovy-xml/2.5.9/groovy-xml-2.5.9.jar:/home/aloisio/.m2/repository/org/spockframework/spock-core/1.2-groovy-2.5/spock-core-1.2-groovy-2.5.jar:/home/aloisio/.m2/repository/org/apache/maven/surefire/surefire-testng-utils/2.22.0/surefire-testng-utils-2.22.0.jar:/home/aloisio/.m2/repository/org/apache/maven/surefire/surefire-grouper/2.22.0/surefire-grouper-2.22.0.jar:"/>
    <property name="sun.cpu.endian" value="little"/>
    <property name="user.home" value="/home/aloisio"/>
    <property name="user.language" value="en"/>
    <property name="java.specification.vendor" value="Oracle Corporation"/>
    <property name="java.version.date" value="2020-01-14"/>
    <property name="java.home" value="/usr/lib/jvm/java-11-openjdk-amd64"/>
    <property name="file.separator" value="/"/>
    <property name="basedir" value="/home/aloisio/workspaces/ApacheMaven/mb2g-testing-aev"/>
    <property name="java.vm.compressedOopsMode" value="32-bit"/>
    <property name="line.separator" value="&#10;"/>
    <property name="java.specification.name" value="Java Platform API Specification"/>
    <property name="java.vm.specification.vendor" value="Oracle Corporation"/>
    <property name="java.awt.graphicsenv" value="sun.awt.X11GraphicsEnvironment"/>
    <property name="surefire.real.class.path" value="/home/aloisio/workspaces/ApacheMaven/mb2g-testing-aev/target/surefire/surefirebooter13905742477510882406.jar"/>
    <property name="sun.management.compiler" value="HotSpot 64-Bit Tiered Compilers"/>
    <property name="java.runtime.version" value="11.0.6+10-post-Ubuntu-1ubuntu118.04.1"/>
    <property name="user.name" value="aloisio"/>
    <property name="path.separator" value=":"/>
    <property name="os.version" value="5.3.0-40-generic"/>
    <property name="java.runtime.name" value="OpenJDK Runtime Environment"/>
    <property name="file.encoding" value="UTF-8"/>
    <property name="java.vm.name" value="OpenJDK 64-Bit Server VM"/>
    <property name="localRepository" value="/home/aloisio/.m2/repository"/>
    <property name="java.vendor.url.bug" value="https://bugs.launchpad.net/ubuntu/+source/openjdk-lts"/>
    <property name="java.io.tmpdir" value="/tmp"/>
    <property name="java.version" value="11.0.6"/>
    <property name="user.dir" value="/home/aloisio/workspaces/ApacheMaven/mb2g-testing-aev"/>
    <property name="os.arch" value="amd64"/>
    <property name="java.vm.specification.name" value="Java Virtual Machine Specification"/>
    <property name="java.awt.printerjob" value="sun.print.PSPrinterJob"/>
    <property name="user.language.format" value="pt"/>
    <property name="sun.os.patch.level" value="unknown"/>
    <property name="java.library.path" value="/usr/java/packages/lib:/usr/lib/x86_64-linux-gnu/jni:/lib/x86_64-linux-gnu:/usr/lib/x86_64-linux-gnu:/usr/lib/jni:/lib:/usr/lib"/>
    <property name="java.vendor" value="Ubuntu"/>
    <property name="java.vm.info" value="mixed mode, sharing"/>
    <property name="java.vm.version" value="11.0.6+10-post-Ubuntu-1ubuntu118.04.1"/>
    <property name="sun.io.unicode.encoding" value="UnicodeLittle"/>
    <property name="java.class.version" value="55.0"/>
  </properties>
  <testcase name="dummyTest on dummyTest(guru.springframework.JUnit4Test)" classname="guru.springframework.JUnit4Test" time="0.003"/>
  <testcase name="GetHello on GetHello(guru.springframework.JavaHelloWorldSpecTest)" classname="guru.springframework.JavaHelloWorldSpecTest" time="0.051"/>
</testsuite>