<?xml version="1.0" encoding="UTF-8"?>
<!-- Generated by org.testng.reporters.JUnitReportReporter -->
<testsuite hostname="aloisio" failures="0" tests="1" name="guru.springframework.JavaHelloWorldSpecTest" time="0.270" errors="0" timestamp="01 mar 2020 22:52:43 GMT" skipped="0">
  <testcase classname="guru.springframework.JavaHelloWorldSpecTest" name="GetHello" time="0.270"/>
</testsuite> <!-- guru.springframework.JavaHelloWorldSpecTest -->
