<?xml version="1.0" encoding="UTF-8"?>
<!-- Generated by org.testng.reporters.JUnitReportReporter -->
<testsuite hostname="aloisio" failures="0" tests="1" name="guru.springframework.JUnit4Test" time="0.081" errors="0" timestamp="25 fev 2020 01:03:43 GMT" skipped="0">
  <testcase classname="guru.springframework.JUnit4Test" name="dummyTest" time="0.081"/>
</testsuite> <!-- guru.springframework.JUnit4Test -->
